<?xml version="1.0" encoding="UTF-8"?>
<testsuites>
  <testsuite name="fastlane.lanes">
    
    
    
      
      <testcase classname="fastlane.lanes" name="0: default_platform" time="0.0022987">
        
      </testcase>
    
      
      <testcase classname="fastlane.lanes" name="1: flutter clean" time="1.1142017">
        
      </testcase>
    
      
      <testcase classname="fastlane.lanes" name="2: flutter build apk --release --flavor production --target lib/main_production.dart --no-tree-shake-icons" time="101.5786047">
        
          <failure message="D:/Ruby34-x64/lib/ruby/gems/3.4.0/gems/fastlane-2.229.0/fastlane/lib/fastlane/actions/actions_helper.rb:67:in &apos;Fastlane::Actions.execute_action&apos;&#10;D:/Ruby34-x64/lib/ruby/gems/3.4.0/gems/fastlane-2.229.0/fastlane/lib/fastlane/fast_file.rb:224:in &apos;Fastlane::FastFile.sh&apos;&#10;D:/Ruby34-x64/lib/ruby/gems/3.4.0/gems/fastlane-2.229.0/fastlane/lib/fastlane/fast_file.rb:216:in &apos;Fastlane::FastFile#sh&apos;&#10;Fastfile:8:in &apos;block (2 levels) in Fastlane::FastFile#parsing_binding&apos;&#10;D:/Ruby34-x64/lib/ruby/gems/3.4.0/gems/fastlane-2.229.0/fastlane/lib/fastlane/lane.rb:41:in &apos;Fastlane::Lane#call&apos;&#10;D:/Ruby34-x64/lib/ruby/gems/3.4.0/gems/fastlane-2.229.0/fastlane/lib/fastlane/runner.rb:49:in &apos;block in Fastlane::Runner#execute&apos;&#10;D:/Ruby34-x64/lib/ruby/gems/3.4.0/gems/fastlane-2.229.0/fastlane/lib/fastlane/runner.rb:45:in &apos;Dir.chdir&apos;&#10;D:/Ruby34-x64/lib/ruby/gems/3.4.0/gems/fastlane-2.229.0/fastlane/lib/fastlane/runner.rb:45:in &apos;Fastlane::Runner#execute&apos;&#10;D:/Ruby34-x64/lib/ruby/gems/3.4.0/gems/fastlane-2.229.0/fastlane/lib/fastlane/lane_manager.rb:46:in &apos;Fastlane::LaneManager.cruise_lane&apos;&#10;D:/Ruby34-x64/lib/ruby/gems/3.4.0/gems/fastlane-2.229.0/fastlane/lib/fastlane/command_line_handler.rb:34:in &apos;Fastlane::CommandLineHandler.handle&apos;&#10;D:/Ruby34-x64/lib/ruby/gems/3.4.0/gems/fastlane-2.229.0/fastlane/lib/fastlane/commands_generator.rb:110:in &apos;block (2 levels) in Fastlane::CommandsGenerator#run&apos;&#10;D:/Ruby34-x64/lib/ruby/gems/3.4.0/gems/commander-4.6.0/lib/commander/command.rb:187:in &apos;Commander::Command#call&apos;&#10;D:/Ruby34-x64/lib/ruby/gems/3.4.0/gems/commander-4.6.0/lib/commander/command.rb:157:in &apos;Commander::Command#run&apos;&#10;D:/Ruby34-x64/lib/ruby/gems/3.4.0/gems/commander-4.6.0/lib/commander/runner.rb:444:in &apos;Commander::Runner#run_active_command&apos;&#10;D:/Ruby34-x64/lib/ruby/gems/3.4.0/gems/fastlane-2.229.0/fastlane_core/lib/fastlane_core/ui/fastlane_runner.rb:124:in &apos;Commander::Runner#run!&apos;&#10;D:/Ruby34-x64/lib/ruby/gems/3.4.0/gems/commander-4.6.0/lib/commander/delegates.rb:18:in &apos;Commander::Delegates#run!&apos;&#10;D:/Ruby34-x64/lib/ruby/gems/3.4.0/gems/fastlane-2.229.0/fastlane/lib/fastlane/commands_generator.rb:363:in &apos;Fastlane::CommandsGenerator#run&apos;&#10;D:/Ruby34-x64/lib/ruby/gems/3.4.0/gems/fastlane-2.229.0/fastlane/lib/fastlane/commands_generator.rb:43:in &apos;Fastlane::CommandsGenerator.start&apos;&#10;D:/Ruby34-x64/lib/ruby/gems/3.4.0/gems/fastlane-2.229.0/fastlane/lib/fastlane/cli_tools_distributor.rb:123:in &apos;Fastlane::CLIToolsDistributor.take_off&apos;&#10;D:/Ruby34-x64/lib/ruby/gems/3.4.0/gems/fastlane-2.229.0/bin/fastlane:23:in &apos;&lt;top (required)&gt;&apos;&#10;D:/Ruby34-x64/lib/ruby/site_ruby/3.4.0/rubygems.rb:319:in &apos;Kernel#load&apos;&#10;D:/Ruby34-x64/lib/ruby/site_ruby/3.4.0/rubygems.rb:319:in &apos;Gem.activate_and_load_bin_path&apos;&#10;D:/Ruby34-x64/bin/fastlane:36:in &apos;&lt;main&gt;&apos;&#10;&#10;Exit status of command &apos;flutter build apk --release --flavor production --target lib/main_production.dart --no-tree-shake-icons&apos; was 1 instead of 0.&#10;Changing current working directory to: D:\vcareapp&#10;Resolving dependencies...&#10;Downloading packages...&#10;  _fe_analyzer_shared 91.0.0 (92.0.0 available)&#10;  analyzer 8.4.1 (9.0.0 available)&#10;  characters 1.4.0 (1.4.1 available)&#10;  flutter_lints 5.0.0 (6.0.0 available)&#10;  json_serializable 6.11.2 (6.11.3 available)&#10;  lints 5.1.1 (6.0.0 available)&#10;  matcher 0.12.17 (0.12.18 available)&#10;  material_color_utilities 0.11.1 (0.13.0 available)&#10;  source_helper 1.3.8 (1.3.9 available)&#10;  test_api 0.7.7 (0.7.8 available)&#10;Got dependencies!&#10;10 packages have newer versions incompatible with dependency constraints.&#10;Try `flutter pub outdated` for more information.&#10;Running Gradle task &apos;assembleProductionRelease&apos;...              &#10;&#10;FAILURE: Build failed with an exception.&#10;&#10;* What went wrong:&#10;Execution failed for task &apos;:app:processProductionReleaseGoogleServices&apos;.&#10;&gt; No matching client found for package name &apos;com.example.untitled.development.production&apos;&#10;&#10;* Try:&#10;&gt; Run with --stacktrace option to get the stack trace.&#10;&gt; Run with --info or --debug option to get more log output.&#10;&gt; Run with --scan to get full insights.&#10;&gt; Get more help at https://help.gradle.org.&#10;&#10;BUILD FAILED in 1m 16s&#10;Running Gradle task &apos;assembleProductionRelease&apos;...                 77.2s&#10;Gradle task assembleProductionRelease failed with exit code 1&#10;" />
        
      </testcase>
    
  </testsuite>
</testsuites>
